09:33:47.083} [main] INFO  com.ssa.ironyard.SpringStarter - Starting SpringStarter on PC45 with PID 4532 (started by admin in C:\Users\admin\Documents\Java Projects\Maven\my-app)
09:33:47.083} [main] DEBUG com.ssa.ironyard.SpringStarter - Running with Spring Boot v1.4.0.RELEASE, Spring v4.3.2.RELEASE
09:33:47.083} [main] INFO  com.ssa.ironyard.SpringStarter - No active profile set, falling back to default profiles: default
09:33:48.506} [main] DEBUG com.ssa.ironyard.web.sudoku.SudokuControllerConfig - Got property file file:/C:/Users/admin/Documents/Java%20Projects/Maven/my-app/target/classes/easy-1.txt
09:33:48.506} [main] DEBUG com.ssa.ironyard.web.sudoku.SudokuControllerConfig - 
 i = 1
09:33:48.506} [main] DEBUG com.ssa.ironyard.web.sudoku.SudokuControllerConfig - 
 i = com.ssa.ironyard.web.sudoku.Board@3cf28d88
09:33:48.521} [main] DEBUG com.ssa.ironyard.web.trie.TrieLoadingService - file C:\Users\admin\Documents\Java Projects\Maven\my-app\target\classes\easy-1.txt, exists?true
09:33:49.003} [main] INFO  com.ssa.ironyard.SpringStarter - Started SpringStarter in 2.376 seconds (JVM running for 5.551)
09:34:42.701} [main] INFO  com.ssa.ironyard.SpringStarter - Starting SpringStarter on PC45 with PID 5856 (started by admin in C:\Users\admin\Documents\Java Projects\Maven\my-app)
09:34:42.701} [main] DEBUG com.ssa.ironyard.SpringStarter - Running with Spring Boot v1.4.0.RELEASE, Spring v4.3.2.RELEASE
09:34:42.701} [main] INFO  com.ssa.ironyard.SpringStarter - No active profile set, falling back to default profiles: default
09:34:43.960} [main] DEBUG com.ssa.ironyard.web.sudoku.SudokuControllerConfig - Got property file file:/C:/Users/admin/Documents/Java%20Projects/Maven/my-app/target/classes/easy-1.txt
09:34:43.962} [main] DEBUG com.ssa.ironyard.web.sudoku.SudokuControllerConfig - 
 i = 1
09:34:43.962} [main] DEBUG com.ssa.ironyard.web.sudoku.SudokuControllerConfig - 
 i = com.ssa.ironyard.web.sudoku.Board@199ad490
09:34:43.976} [main] DEBUG com.ssa.ironyard.web.trie.TrieLoadingService - file C:\Users\admin\Documents\Java Projects\Maven\my-app\target\classes\easy-1.txt, exists?true
09:34:44.410} [main] INFO  com.ssa.ironyard.SpringStarter - Started SpringStarter in 2.128 seconds (JVM running for 5.381)
09:37:04.260} [main] INFO  com.ssa.ironyard.SpringStarter - Starting SpringStarter on PC45 with PID 5996 (started by admin in C:\Users\admin\Documents\Java Projects\Maven\my-app)
09:37:04.262} [main] DEBUG com.ssa.ironyard.SpringStarter - Running with Spring Boot v1.4.0.RELEASE, Spring v4.3.2.RELEASE
09:37:04.262} [main] INFO  com.ssa.ironyard.SpringStarter - No active profile set, falling back to default profiles: default
09:37:05.785} [main] DEBUG com.ssa.ironyard.web.sudoku.SudokuControllerConfig - Got property file file:/C:/Users/admin/Documents/Java%20Projects/Maven/my-app/target/classes/easy-1.txt
09:37:05.788} [main] DEBUG com.ssa.ironyard.web.sudoku.SudokuControllerConfig - 
 i = 0
09:37:05.788} [main] DEBUG com.ssa.ironyard.web.sudoku.SudokuControllerConfig - 
 i = com.ssa.ironyard.web.sudoku.Board@30f11e65
09:37:05.805} [main] DEBUG com.ssa.ironyard.web.trie.TrieLoadingService - file C:\Users\admin\Documents\Java Projects\Maven\my-app\target\classes\easy-1.txt, exists?true
09:37:06.314} [main] INFO  com.ssa.ironyard.SpringStarter - Started SpringStarter in 2.547 seconds (JVM running for 5.898)
09:44:20.040} [main] INFO  com.ssa.ironyard.SpringStarter - Starting SpringStarter on PC45 with PID 6368 (started by admin in C:\Users\admin\Documents\Java Projects\Maven\my-app)
09:44:20.040} [main] DEBUG com.ssa.ironyard.SpringStarter - Running with Spring Boot v1.4.0.RELEASE, Spring v4.3.2.RELEASE
09:44:20.040} [main] INFO  com.ssa.ironyard.SpringStarter - No active profile set, falling back to default profiles: default
09:44:21.288} [main] DEBUG com.ssa.ironyard.web.sudoku.SudokuControllerConfig - Got property file file:/C:/Users/admin/Documents/Java%20Projects/Maven/my-app/target/classes/easy-1.txt
09:44:21.288} [main] DEBUG com.ssa.ironyard.web.sudoku.SudokuControllerConfig - 
 i = 0
09:44:21.288} [main] DEBUG com.ssa.ironyard.web.sudoku.SudokuControllerConfig - 
 i = com.ssa.ironyard.web.sudoku.Board@10f34e27
09:44:21.304} [main] DEBUG com.ssa.ironyard.web.trie.TrieLoadingService - file C:\Users\admin\Documents\Java Projects\Maven\my-app\target\classes\easy-1.txt, exists?true
09:44:21.818} [main] INFO  com.ssa.ironyard.SpringStarter - Started SpringStarter in 2.277 seconds (JVM running for 5.421)
09:46:15.788} [main] INFO  com.ssa.ironyard.SpringStarter - Starting SpringStarter on PC45 with PID 4396 (started by admin in C:\Users\admin\Documents\Java Projects\Maven\my-app)
09:46:15.803} [main] DEBUG com.ssa.ironyard.SpringStarter - Running with Spring Boot v1.4.0.RELEASE, Spring v4.3.2.RELEASE
09:46:15.803} [main] INFO  com.ssa.ironyard.SpringStarter - No active profile set, falling back to default profiles: default
09:46:17.285} [main] DEBUG com.ssa.ironyard.web.sudoku.SudokuControllerConfig - Got property file file:/C:/Users/admin/Documents/Java%20Projects/Maven/my-app/target/classes/easy-1.txt
09:46:17.285} [main] DEBUG com.ssa.ironyard.web.sudoku.SudokuControllerConfig - 
 i = 0
09:46:17.285} [main] DEBUG com.ssa.ironyard.web.sudoku.SudokuControllerConfig - 
 i = com.ssa.ironyard.web.sudoku.Board@55a48e37
09:46:17.301} [main] DEBUG com.ssa.ironyard.web.trie.TrieLoadingService - file C:\Users\admin\Documents\Java Projects\Maven\my-app\target\classes\easy-1.txt, exists?true
09:46:17.816} [main] INFO  com.ssa.ironyard.SpringStarter - Started SpringStarter in 2.372 seconds (JVM running for 5.54)
09:52:32.671} [main] INFO  com.ssa.ironyard.SpringStarter - Starting SpringStarter on PC45 with PID 892 (started by admin in C:\Users\admin\Documents\Java Projects\Maven\my-app)
09:52:32.671} [main] DEBUG com.ssa.ironyard.SpringStarter - Running with Spring Boot v1.4.0.RELEASE, Spring v4.3.2.RELEASE
09:52:32.671} [main] INFO  com.ssa.ironyard.SpringStarter - No active profile set, falling back to default profiles: default
09:52:34.293} [main] DEBUG com.ssa.ironyard.web.sudoku.SudokuControllerConfig - Got sudoku file file:/C:/Users/admin/Documents/Java%20Projects/Maven/my-app/target/classes/easy-1.txt
09:52:34.309} [main] DEBUG com.ssa.ironyard.web.sudoku.SudokuControllerConfig - 
 i = 0
09:52:34.309} [main] DEBUG com.ssa.ironyard.web.sudoku.SudokuControllerConfig - 
 i = com.ssa.ironyard.web.sudoku.Board@6d40e565
09:52:34.309} [main] DEBUG com.ssa.ironyard.web.sudoku.SudokuControllerConfig - 
 i = 1
09:52:34.309} [main] DEBUG com.ssa.ironyard.web.sudoku.SudokuControllerConfig - 
 i = com.ssa.ironyard.web.sudoku.Board@71c1b114
09:52:34.325} [main] DEBUG com.ssa.ironyard.web.trie.TrieLoadingService - file C:\Users\admin\Documents\Java Projects\Maven\my-app\target\classes\easy-1.txt, exists?true
09:52:34.824} [main] INFO  com.ssa.ironyard.SpringStarter - Started SpringStarter in 2.496 seconds (JVM running for 5.764)
09:56:51.036} [main] INFO  com.ssa.ironyard.SpringStarter - Starting SpringStarter on PC45 with PID 2356 (started by admin in C:\Users\admin\Documents\Java Projects\Maven\my-app)
09:56:51.036} [main] DEBUG com.ssa.ironyard.SpringStarter - Running with Spring Boot v1.4.0.RELEASE, Spring v4.3.2.RELEASE
09:56:51.036} [main] INFO  com.ssa.ironyard.SpringStarter - No active profile set, falling back to default profiles: default
09:56:52.518} [main] DEBUG com.ssa.ironyard.web.sudoku.SudokuControllerConfig - Got sudoku file file:/C:/Users/admin/Documents/Java%20Projects/Maven/my-app/target/classes/easy-1.txt
09:56:52.518} [main] DEBUG com.ssa.ironyard.web.sudoku.SudokuControllerConfig - 
 i = 0
09:56:52.518} [main] DEBUG com.ssa.ironyard.web.sudoku.SudokuControllerConfig - 
 i = com.ssa.ironyard.web.sudoku.Board@40c366f1
09:56:52.518} [main] DEBUG com.ssa.ironyard.web.sudoku.SudokuControllerConfig - 
 i = 1
09:56:52.518} [main] DEBUG com.ssa.ironyard.web.sudoku.SudokuControllerConfig - 
 i = com.ssa.ironyard.web.sudoku.Board@1a0d9799
09:56:52.518} [main] DEBUG com.ssa.ironyard.web.sudoku.SudokuControllerConfig - 
 i = 2
09:56:52.518} [main] DEBUG com.ssa.ironyard.web.sudoku.SudokuControllerConfig - 
 i = com.ssa.ironyard.web.sudoku.Board@485e0c9f
09:56:52.534} [main] DEBUG com.ssa.ironyard.web.trie.TrieLoadingService - file C:\Users\admin\Documents\Java Projects\Maven\my-app\target\classes\easy-1.txt, exists?true
09:56:53.080} [main] INFO  com.ssa.ironyard.SpringStarter - Started SpringStarter in 2.356 seconds (JVM running for 5.637)
09:59:00.380} [main] INFO  com.ssa.ironyard.SpringStarter - Starting SpringStarter on PC45 with PID 448 (started by admin in C:\Users\admin\Documents\Java Projects\Maven\my-app)
09:59:00.382} [main] DEBUG com.ssa.ironyard.SpringStarter - Running with Spring Boot v1.4.0.RELEASE, Spring v4.3.2.RELEASE
09:59:00.382} [main] INFO  com.ssa.ironyard.SpringStarter - No active profile set, falling back to default profiles: default
09:59:01.802} [main] DEBUG com.ssa.ironyard.web.sudoku.SudokuControllerConfig - Got sudoku file file:/C:/Users/admin/Documents/Java%20Projects/Maven/my-app/target/classes/easy-1.txt
09:59:01.805} [main] DEBUG com.ssa.ironyard.web.sudoku.SudokuControllerConfig - 
 i = 0
09:59:01.805} [main] DEBUG com.ssa.ironyard.web.sudoku.SudokuControllerConfig - 
 i = com.ssa.ironyard.web.sudoku.Board@3b867e4
09:59:01.805} [main] DEBUG com.ssa.ironyard.web.sudoku.SudokuControllerConfig - 
 i = 1
09:59:01.805} [main] DEBUG com.ssa.ironyard.web.sudoku.SudokuControllerConfig - 
 i = com.ssa.ironyard.web.sudoku.Board@5f3531a7
09:59:01.805} [main] DEBUG com.ssa.ironyard.web.sudoku.SudokuControllerConfig - 
 i = 2
09:59:01.806} [main] DEBUG com.ssa.ironyard.web.sudoku.SudokuControllerConfig - 
 i = com.ssa.ironyard.web.sudoku.Board@6f0986aa
09:59:01.824} [main] DEBUG com.ssa.ironyard.web.trie.TrieLoadingService - file C:\Users\admin\Documents\Java Projects\Maven\my-app\target\classes\easy-1.txt, exists?true
09:59:02.285} [main] INFO  com.ssa.ironyard.SpringStarter - Started SpringStarter in 2.348 seconds (JVM running for 5.537)
10:06:00.662} [main] INFO  com.ssa.ironyard.SpringStarter - Starting SpringStarter on PC45 with PID 6256 (started by admin in C:\Users\admin\Documents\Java Projects\Maven\my-app)
10:06:00.663} [main] DEBUG com.ssa.ironyard.SpringStarter - Running with Spring Boot v1.4.0.RELEASE, Spring v4.3.2.RELEASE
10:06:00.663} [main] INFO  com.ssa.ironyard.SpringStarter - No active profile set, falling back to default profiles: default
10:06:02.327} [main] DEBUG com.ssa.ironyard.web.sudoku.SudokuControllerConfig - Got sudoku file file:/C:/Users/admin/Documents/Java%20Projects/Maven/my-app/target/classes/easy-1.txt
10:06:02.329} [main] DEBUG com.ssa.ironyard.web.sudoku.SudokuControllerConfig - 
 i = 0
10:06:02.330} [main] DEBUG com.ssa.ironyard.web.sudoku.SudokuControllerConfig - 
 i = com.ssa.ironyard.web.sudoku.Board@53f74c57
10:06:02.330} [main] DEBUG com.ssa.ironyard.web.sudoku.SudokuControllerConfig - 
 i = 1
10:06:02.330} [main] DEBUG com.ssa.ironyard.web.sudoku.SudokuControllerConfig - 
 i = com.ssa.ironyard.web.sudoku.Board@3509ed3a
10:06:02.330} [main] DEBUG com.ssa.ironyard.web.sudoku.SudokuControllerConfig - 
 i = 2
10:06:02.330} [main] DEBUG com.ssa.ironyard.web.sudoku.SudokuControllerConfig - 
 i = com.ssa.ironyard.web.sudoku.Board@23466eb9
10:06:02.345} [main] DEBUG com.ssa.ironyard.web.trie.TrieLoadingService - file C:\Users\admin\Documents\Java Projects\Maven\my-app\target\classes\easy-1.txt, exists?true
10:06:02.881} [main] INFO  com.ssa.ironyard.SpringStarter - Started SpringStarter in 2.555 seconds (JVM running for 6.085)
10:07:25.426} [main] INFO  com.ssa.ironyard.SpringStarter - Starting SpringStarter on PC45 with PID 6024 (started by admin in C:\Users\admin\Documents\Java Projects\Maven\my-app)
10:07:25.427} [main] DEBUG com.ssa.ironyard.SpringStarter - Running with Spring Boot v1.4.0.RELEASE, Spring v4.3.2.RELEASE
10:07:25.428} [main] INFO  com.ssa.ironyard.SpringStarter - No active profile set, falling back to default profiles: default
10:07:26.956} [main] DEBUG com.ssa.ironyard.web.sudoku.SudokuControllerConfig - Got sudoku file file:/C:/Users/admin/Documents/Java%20Projects/Maven/my-app/target/classes/easy-1.txt
10:07:26.959} [main] DEBUG com.ssa.ironyard.web.sudoku.SudokuControllerConfig - 
 i = 0
10:07:26.959} [main] DEBUG com.ssa.ironyard.web.sudoku.SudokuControllerConfig - 
 i = com.ssa.ironyard.web.sudoku.Board@2ae82dbf
10:07:26.959} [main] DEBUG com.ssa.ironyard.web.sudoku.SudokuControllerConfig - 
 i = 1
10:07:26.959} [main] DEBUG com.ssa.ironyard.web.sudoku.SudokuControllerConfig - 
 i = com.ssa.ironyard.web.sudoku.Board@551211a1
10:07:26.959} [main] DEBUG com.ssa.ironyard.web.sudoku.SudokuControllerConfig - 
 i = 2
10:07:26.959} [main] DEBUG com.ssa.ironyard.web.sudoku.SudokuControllerConfig - 
 i = com.ssa.ironyard.web.sudoku.Board@c39cc38
10:07:26.980} [main] DEBUG com.ssa.ironyard.web.trie.TrieLoadingService - file C:\Users\admin\Documents\Java Projects\Maven\my-app\target\classes\easy-1.txt, exists?true
10:07:27.630} [main] INFO  com.ssa.ironyard.SpringStarter - Started SpringStarter in 2.742 seconds (JVM running for 6.158)
10:10:04.518} [main] INFO  com.ssa.ironyard.SpringStarter - Starting SpringStarter on PC45 with PID 5040 (started by admin in C:\Users\admin\Documents\Java Projects\Maven\my-app)
10:10:04.519} [main] DEBUG com.ssa.ironyard.SpringStarter - Running with Spring Boot v1.4.0.RELEASE, Spring v4.3.2.RELEASE
10:10:04.520} [main] INFO  com.ssa.ironyard.SpringStarter - No active profile set, falling back to default profiles: default
10:10:06.086} [main] DEBUG com.ssa.ironyard.web.sudoku.SudokuControllerConfig - Got sudoku file file:/C:/Users/admin/Documents/Java%20Projects/Maven/my-app/target/classes/easy-1.txt
10:10:06.088} [main] DEBUG com.ssa.ironyard.web.sudoku.SudokuControllerConfig - 
 i = 0
10:10:06.089} [main] DEBUG com.ssa.ironyard.web.sudoku.SudokuControllerConfig - 
 i = com.ssa.ironyard.web.sudoku.Board@13a4deef
10:10:06.089} [main] DEBUG com.ssa.ironyard.web.sudoku.SudokuControllerConfig - 
 i = 1
10:10:06.089} [main] DEBUG com.ssa.ironyard.web.sudoku.SudokuControllerConfig - 
 i = com.ssa.ironyard.web.sudoku.Board@40463528
10:10:06.089} [main] DEBUG com.ssa.ironyard.web.sudoku.SudokuControllerConfig - 
 i = 2
10:10:06.089} [main] DEBUG com.ssa.ironyard.web.sudoku.SudokuControllerConfig - 
 i = com.ssa.ironyard.web.sudoku.Board@1c5ca392
10:10:06.110} [main] DEBUG com.ssa.ironyard.web.trie.TrieLoadingService - file C:\Users\admin\Documents\Java Projects\Maven\my-app\target\classes\easy-1.txt, exists?true
10:10:06.700} [main] INFO  com.ssa.ironyard.SpringStarter - Started SpringStarter in 2.67 seconds (JVM running for 6.339)
10:16:08.695} [main] INFO  com.ssa.ironyard.SpringStarter - Starting SpringStarter on PC45 with PID 7112 (started by admin in C:\Users\admin\Documents\Java Projects\Maven\my-app)
10:16:08.697} [main] DEBUG com.ssa.ironyard.SpringStarter - Running with Spring Boot v1.4.0.RELEASE, Spring v4.3.2.RELEASE
10:16:08.697} [main] INFO  com.ssa.ironyard.SpringStarter - No active profile set, falling back to default profiles: default
10:16:10.172} [main] DEBUG com.ssa.ironyard.web.sudoku.SudokuControllerConfig - Got sudoku file file:/C:/Users/admin/Documents/Java%20Projects/Maven/my-app/target/classes/easy-1.txt
10:16:10.174} [main] DEBUG com.ssa.ironyard.web.sudoku.SudokuControllerConfig - 
 i = 0
10:16:10.174} [main] DEBUG com.ssa.ironyard.web.sudoku.SudokuControllerConfig - 
 i = com.ssa.ironyard.web.sudoku.Board@f6754f9
10:16:10.175} [main] DEBUG com.ssa.ironyard.web.sudoku.SudokuControllerConfig - 
 i = 1
10:16:10.175} [main] DEBUG com.ssa.ironyard.web.sudoku.SudokuControllerConfig - 
 i = com.ssa.ironyard.web.sudoku.Board@1ff28e3b
10:16:10.175} [main] DEBUG com.ssa.ironyard.web.sudoku.SudokuControllerConfig - 
 i = 2
10:16:10.175} [main] DEBUG com.ssa.ironyard.web.sudoku.SudokuControllerConfig - 
 i = com.ssa.ironyard.web.sudoku.Board@4480a3e0
10:16:10.194} [main] DEBUG com.ssa.ironyard.web.trie.TrieLoadingService - file C:\Users\admin\Documents\Java Projects\Maven\my-app\target\classes\easy-1.txt, exists?true
10:16:10.750} [main] INFO  com.ssa.ironyard.SpringStarter - Started SpringStarter in 2.494 seconds (JVM running for 6.022)
10:25:00.954} [main] INFO  com.ssa.ironyard.SpringStarter - Starting SpringStarter on PC45 with PID 2428 (started by admin in C:\Users\admin\Documents\Java Projects\Maven\my-app)
10:25:00.960} [main] DEBUG com.ssa.ironyard.SpringStarter - Running with Spring Boot v1.4.0.RELEASE, Spring v4.3.2.RELEASE
10:25:00.960} [main] INFO  com.ssa.ironyard.SpringStarter - No active profile set, falling back to default profiles: default
10:25:02.544} [main] DEBUG com.ssa.ironyard.web.sudoku.SudokuControllerConfig - Got sudoku file file:/C:/Users/admin/Documents/Java%20Projects/Maven/my-app/target/classes/easy-1.txt
10:25:02.546} [main] DEBUG com.ssa.ironyard.web.sudoku.SudokuControllerConfig - 
 i = 0
10:25:02.547} [main] DEBUG com.ssa.ironyard.web.sudoku.SudokuControllerConfig - 
 i = com.ssa.ironyard.web.sudoku.Board@f6754f9
10:25:02.547} [main] DEBUG com.ssa.ironyard.web.sudoku.SudokuControllerConfig - 
 i = 1
10:25:02.547} [main] DEBUG com.ssa.ironyard.web.sudoku.SudokuControllerConfig - 
 i = com.ssa.ironyard.web.sudoku.Board@1ff28e3b
10:25:02.547} [main] DEBUG com.ssa.ironyard.web.sudoku.SudokuControllerConfig - 
 i = 2
10:25:02.547} [main] DEBUG com.ssa.ironyard.web.sudoku.SudokuControllerConfig - 
 i = com.ssa.ironyard.web.sudoku.Board@4480a3e0
10:25:02.564} [main] DEBUG com.ssa.ironyard.web.trie.TrieLoadingService - file C:\Users\admin\Documents\Java Projects\Maven\my-app\target\classes\easy-1.txt, exists?true
10:25:03.104} [main] INFO  com.ssa.ironyard.SpringStarter - Started SpringStarter in 2.691 seconds (JVM running for 6.344)
10:27:25.617} [main] INFO  com.ssa.ironyard.SpringStarter - Starting SpringStarter on PC45 with PID 3424 (started by admin in C:\Users\admin\Documents\Java Projects\Maven\my-app)
10:27:25.618} [main] DEBUG com.ssa.ironyard.SpringStarter - Running with Spring Boot v1.4.0.RELEASE, Spring v4.3.2.RELEASE
10:27:25.618} [main] INFO  com.ssa.ironyard.SpringStarter - No active profile set, falling back to default profiles: default
10:27:40.269} [main] INFO  com.ssa.ironyard.SpringStarter - Starting SpringStarter on PC45 with PID 6832 (started by admin in C:\Users\admin\Documents\Java Projects\Maven\my-app)
10:27:40.270} [main] DEBUG com.ssa.ironyard.SpringStarter - Running with Spring Boot v1.4.0.RELEASE, Spring v4.3.2.RELEASE
10:27:40.271} [main] INFO  com.ssa.ironyard.SpringStarter - No active profile set, falling back to default profiles: default
10:27:41.786} [main] DEBUG com.ssa.ironyard.web.sudoku.SudokuControllerConfig - Got sudoku file file:/C:/Users/admin/Documents/Java%20Projects/Maven/my-app/target/classes/easy-1.txt
10:27:41.788} [main] DEBUG com.ssa.ironyard.web.sudoku.SudokuControllerConfig - 
 i = 0
10:27:41.789} [main] DEBUG com.ssa.ironyard.web.sudoku.SudokuControllerConfig - 
 i = com.ssa.ironyard.web.sudoku.Board@d8f8620
10:27:41.789} [main] DEBUG com.ssa.ironyard.web.sudoku.SudokuControllerConfig - 
 i = 1
10:27:41.789} [main] DEBUG com.ssa.ironyard.web.sudoku.SudokuControllerConfig - 
 i = com.ssa.ironyard.web.sudoku.Board@272ad638
10:27:41.789} [main] DEBUG com.ssa.ironyard.web.sudoku.SudokuControllerConfig - 
 i = 2
10:27:41.789} [main] DEBUG com.ssa.ironyard.web.sudoku.SudokuControllerConfig - 
 i = com.ssa.ironyard.web.sudoku.Board@78d64e0c
10:27:41.807} [main] DEBUG com.ssa.ironyard.web.trie.TrieLoadingService - file C:\Users\admin\Documents\Java Projects\Maven\my-app\target\classes\easy-1.txt, exists?true
10:27:42.358} [main] INFO  com.ssa.ironyard.SpringStarter - Started SpringStarter in 2.677 seconds (JVM running for 6.169)
10:33:32.931} [main] INFO  com.ssa.ironyard.SpringStarter - Starting SpringStarter on PC45 with PID 3500 (started by admin in C:\Users\admin\Documents\Java Projects\Maven\my-app)
10:33:33.118} [main] DEBUG com.ssa.ironyard.SpringStarter - Running with Spring Boot v1.4.0.RELEASE, Spring v4.3.2.RELEASE
10:33:33.118} [main] INFO  com.ssa.ironyard.SpringStarter - No active profile set, falling back to default profiles: default
10:33:34.592} [main] DEBUG com.ssa.ironyard.web.sudoku.SudokuControllerConfig - Got sudoku file file:/C:/Users/admin/Documents/Java%20Projects/Maven/my-app/target/classes/easy-1.txt
10:33:34.595} [main] DEBUG com.ssa.ironyard.web.sudoku.SudokuControllerConfig - 
 i = 0
10:33:34.595} [main] DEBUG com.ssa.ironyard.web.sudoku.SudokuControllerConfig - 
 i = com.ssa.ironyard.web.sudoku.Board@e15c467
10:33:34.595} [main] DEBUG com.ssa.ironyard.web.sudoku.SudokuControllerConfig - 
 i = 1
10:33:34.595} [main] DEBUG com.ssa.ironyard.web.sudoku.SudokuControllerConfig - 
 i = com.ssa.ironyard.web.sudoku.Board@1aeba0b1
10:33:34.595} [main] DEBUG com.ssa.ironyard.web.sudoku.SudokuControllerConfig - 
 i = 2
10:33:34.595} [main] DEBUG com.ssa.ironyard.web.sudoku.SudokuControllerConfig - 
 i = com.ssa.ironyard.web.sudoku.Board@24f9975
10:33:34.608} [main] DEBUG com.ssa.ironyard.web.trie.TrieLoadingService - file C:\Users\admin\Documents\Java Projects\Maven\my-app\target\classes\easy-1.txt, exists?true
10:33:35.103} [main] INFO  com.ssa.ironyard.SpringStarter - Started SpringStarter in 2.521 seconds (JVM running for 6.138)
10:36:16.130} [main] INFO  com.ssa.ironyard.SpringStarter - Starting SpringStarter on PC45 with PID 6856 (started by admin in C:\Users\admin\Documents\Java Projects\Maven\my-app)
10:36:16.262} [main] DEBUG com.ssa.ironyard.SpringStarter - Running with Spring Boot v1.4.0.RELEASE, Spring v4.3.2.RELEASE
10:36:16.262} [main] INFO  com.ssa.ironyard.SpringStarter - No active profile set, falling back to default profiles: default
10:36:17.743} [main] DEBUG com.ssa.ironyard.web.sudoku.SudokuControllerConfig - Got sudoku file file:/C:/Users/admin/Documents/Java%20Projects/Maven/my-app/target/classes/easy-1.txt
10:36:17.746} [main] DEBUG com.ssa.ironyard.web.sudoku.SudokuControllerConfig - 
 i = 0
10:36:17.746} [main] DEBUG com.ssa.ironyard.web.sudoku.SudokuControllerConfig - 
 i = null
10:36:17.746} [main] DEBUG com.ssa.ironyard.web.sudoku.SudokuControllerConfig - 
 i = 1
10:36:17.746} [main] DEBUG com.ssa.ironyard.web.sudoku.SudokuControllerConfig - 
 i = null
10:36:17.746} [main] DEBUG com.ssa.ironyard.web.sudoku.SudokuControllerConfig - 
 i = 2
10:36:17.746} [main] DEBUG com.ssa.ironyard.web.sudoku.SudokuControllerConfig - 
 i = null
10:36:17.763} [main] DEBUG com.ssa.ironyard.web.trie.TrieLoadingService - file C:\Users\admin\Documents\Java Projects\Maven\my-app\target\classes\easy-1.txt, exists?true
10:36:18.298} [main] INFO  com.ssa.ironyard.SpringStarter - Started SpringStarter in 2.582 seconds (JVM running for 6.072)
